<?xml version="1.0" encoding="UTF-8"?>
<testsuite name="com.miage.handyhelp.HandyhelpApplicationTests" tests="1" skipped="0" failures="0" errors="0" timestamp="2022-11-17T15:32:55" hostname="MacBook-Pro-de-Fadi.local" time="0.789">
  <properties/>
  <testcase name="contextLoads()" classname="com.miage.handyhelp.HandyhelpApplicationTests" time="0.789"/>
  <system-out><![CDATA[16:32:49.231 [Test worker] DEBUG org.springframework.test.context.BootstrapUtils - Instantiating CacheAwareContextLoaderDelegate from class [org.springframework.test.context.cache.DefaultCacheAwareContextLoaderDelegate]
16:32:49.274 [Test worker] DEBUG org.springframework.test.context.BootstrapUtils - Instantiating BootstrapContext using constructor [public org.springframework.test.context.support.DefaultBootstrapContext(java.lang.Class,org.springframework.test.context.CacheAwareContextLoaderDelegate)]
16:32:49.365 [Test worker] DEBUG org.springframework.test.context.BootstrapUtils - Instantiating TestContextBootstrapper for test class [com.miage.handyhelp.HandyhelpApplicationTests] from class [org.springframework.boot.test.context.SpringBootTestContextBootstrapper]
16:32:49.394 [Test worker] INFO org.springframework.boot.test.context.SpringBootTestContextBootstrapper - Neither @ContextConfiguration nor @ContextHierarchy found for test class [com.miage.handyhelp.HandyhelpApplicationTests], using SpringBootContextLoader
16:32:49.405 [Test worker] DEBUG org.springframework.test.context.support.AbstractContextLoader - Did not detect default resource location for test class [com.miage.handyhelp.HandyhelpApplicationTests]: class path resource [com/miage/handyhelp/HandyhelpApplicationTests-context.xml] does not exist
16:32:49.406 [Test worker] DEBUG org.springframework.test.context.support.AbstractContextLoader - Did not detect default resource location for test class [com.miage.handyhelp.HandyhelpApplicationTests]: class path resource [com/miage/handyhelp/HandyhelpApplicationTestsContext.groovy] does not exist
16:32:49.406 [Test worker] INFO org.springframework.test.context.support.AbstractContextLoader - Could not detect default resource locations for test class [com.miage.handyhelp.HandyhelpApplicationTests]: no resource found for suffixes {-context.xml, Context.groovy}.
16:32:49.409 [Test worker] INFO org.springframework.test.context.support.AnnotationConfigContextLoaderUtils - Could not detect default configuration classes for test class [com.miage.handyhelp.HandyhelpApplicationTests]: HandyhelpApplicationTests does not declare any static, non-private, non-final, nested classes annotated with @Configuration.
16:32:49.499 [Test worker] DEBUG org.springframework.test.context.support.ActiveProfilesUtils - Could not find an 'annotation declaring class' for annotation type [org.springframework.test.context.ActiveProfiles] and class [com.miage.handyhelp.HandyhelpApplicationTests]
16:32:49.645 [Test worker] DEBUG org.springframework.context.annotation.ClassPathScanningCandidateComponentProvider - Identified candidate component class: file [/Users/fadi/Desktop/Handyhelp/build/classes/java/main/com/miage/handyhelp/HandyhelpApplication.class]
16:32:49.649 [Test worker] INFO org.springframework.boot.test.context.SpringBootTestContextBootstrapper - Found @SpringBootConfiguration com.miage.handyhelp.HandyhelpApplication for test class com.miage.handyhelp.HandyhelpApplicationTests
16:32:49.880 [Test worker] DEBUG org.springframework.boot.test.context.SpringBootTestContextBootstrapper - @TestExecutionListeners is not present for class [com.miage.handyhelp.HandyhelpApplicationTests]: using defaults.
16:32:49.881 [Test worker] INFO org.springframework.boot.test.context.SpringBootTestContextBootstrapper - Loaded default TestExecutionListener class names from location [META-INF/spring.factories]: [org.springframework.boot.test.autoconfigure.restdocs.RestDocsTestExecutionListener, org.springframework.boot.test.autoconfigure.web.client.MockRestServiceServerResetTestExecutionListener, org.springframework.boot.test.autoconfigure.web.servlet.MockMvcPrintOnlyOnFailureTestExecutionListener, org.springframework.boot.test.autoconfigure.web.servlet.WebDriverTestExecutionListener, org.springframework.boot.test.autoconfigure.webservices.client.MockWebServiceServerTestExecutionListener, org.springframework.boot.test.mock.mockito.MockitoTestExecutionListener, org.springframework.boot.test.mock.mockito.ResetMocksTestExecutionListener, org.springframework.test.context.web.ServletTestExecutionListener, org.springframework.test.context.support.DirtiesContextBeforeModesTestExecutionListener, org.springframework.test.context.event.ApplicationEventsTestExecutionListener, org.springframework.test.context.support.DependencyInjectionTestExecutionListener, org.springframework.test.context.support.DirtiesContextTestExecutionListener, org.springframework.test.context.transaction.TransactionalTestExecutionListener, org.springframework.test.context.jdbc.SqlScriptsTestExecutionListener, org.springframework.test.context.event.EventPublishingTestExecutionListener]
16:32:49.942 [Test worker] INFO org.springframework.boot.test.context.SpringBootTestContextBootstrapper - Using TestExecutionListeners: [org.springframework.test.context.web.ServletTestExecutionListener@141d3d43, org.springframework.test.context.support.DirtiesContextBeforeModesTestExecutionListener@6ca372ef, org.springframework.test.context.event.ApplicationEventsTestExecutionListener@3ebe4ccc, org.springframework.boot.test.mock.mockito.MockitoTestExecutionListener@6ed043d3, org.springframework.boot.test.autoconfigure.SpringBootDependencyInjectionTestExecutionListener@135a8c6f, org.springframework.test.context.support.DirtiesContextTestExecutionListener@6419a0e1, org.springframework.test.context.transaction.TransactionalTestExecutionListener@280d4882, org.springframework.test.context.jdbc.SqlScriptsTestExecutionListener@44af588b, org.springframework.test.context.event.EventPublishingTestExecutionListener@3d19d85, org.springframework.boot.test.autoconfigure.restdocs.RestDocsTestExecutionListener@2ae62bb6, org.springframework.boot.test.autoconfigure.web.client.MockRestServiceServerResetTestExecutionListener@68ed3f30, org.springframework.boot.test.autoconfigure.web.servlet.MockMvcPrintOnlyOnFailureTestExecutionListener@56b859a6, org.springframework.boot.test.autoconfigure.web.servlet.WebDriverTestExecutionListener@590adb41, org.springframework.boot.test.autoconfigure.webservices.client.MockWebServiceServerTestExecutionListener@42aae04d, org.springframework.boot.test.mock.mockito.ResetMocksTestExecutionListener@43bf5397]
16:32:49.953 [Test worker] DEBUG org.springframework.test.context.support.AbstractDirtiesContextTestExecutionListener - Before test class: context [DefaultTestContext@7dffda8b testClass = HandyhelpApplicationTests, testInstance = [null], testMethod = [null], testException = [null], mergedContextConfiguration = [WebMergedContextConfiguration@3d1f558a testClass = HandyhelpApplicationTests, locations = '{}', classes = '{class com.miage.handyhelp.HandyhelpApplication}', contextInitializerClasses = '[]', activeProfiles = '{}', propertySourceLocations = '{}', propertySourceProperties = '{org.springframework.boot.test.context.SpringBootTestContextBootstrapper=true}', contextCustomizers = set[org.springframework.boot.test.autoconfigure.actuate.metrics.MetricsExportContextCustomizerFactory$DisableMetricExportContextCustomizer@203c20cf, org.springframework.boot.test.autoconfigure.properties.PropertyMappingContextCustomizer@0, org.springframework.boot.test.autoconfigure.web.servlet.WebDriverContextCustomizerFactory$Customizer@7e2f86e6, org.springframework.boot.test.context.filter.ExcludeFilterContextCustomizer@3fdecce, org.springframework.boot.test.json.DuplicateJsonObjectContextCustomizerFactory$DuplicateJsonObjectContextCustomizer@787f32b7, org.springframework.boot.test.mock.mockito.MockitoContextCustomizer@0, org.springframework.boot.test.web.client.TestRestTemplateContextCustomizer@78b41097, org.springframework.boot.test.context.SpringBootTestArgs@1, org.springframework.boot.test.context.SpringBootTestWebEnvironment@fb9c7aa], resourceBasePath = 'src/main/webapp', contextLoader = 'org.springframework.boot.test.context.SpringBootContextLoader', parent = [null]], attributes = map['org.springframework.test.context.web.ServletTestExecutionListener.activateListener' -> true]], class annotated with @DirtiesContext [false] with mode [null].

  .   ____          _            __ _ _
 /\\ / ___'_ __ _ _(_)_ __  __ _ \ \ \ \
( ( )\___ | '_ | '_| | '_ \/ _` | \ \ \ \
 \\/  ___)| |_)| | | | | || (_| |  ) ) ) )
  '  |____| .__|_| |_|_| |_\__, | / / / /
 =========|_|==============|___/=/_/_/_/
 :: Spring Boot ::                (v2.7.5)

2022-11-17 16:32:50.708  INFO 6181 --- [    Test worker] c.m.handyhelp.HandyhelpApplicationTests  : Starting HandyhelpApplicationTests using Java 17.0.4.1 on MacBook-Pro-de-Fadi.local with PID 6181 (started by fadi in /Users/fadi/Desktop/Handyhelp)
2022-11-17 16:32:50.711  INFO 6181 --- [    Test worker] c.m.handyhelp.HandyhelpApplicationTests  : No active profile set, falling back to 1 default profile: "default"
2022-11-17 16:32:52.235  INFO 6181 --- [    Test worker] .s.d.r.c.RepositoryConfigurationDelegate : Bootstrapping Spring Data JDBC repositories in DEFAULT mode.
2022-11-17 16:32:52.307  INFO 6181 --- [    Test worker] .s.d.r.c.RepositoryConfigurationDelegate : Finished Spring Data repository scanning in 58 ms. Found 0 JDBC repository interfaces.
2022-11-17 16:32:54.576  INFO 6181 --- [    Test worker] com.zaxxer.hikari.HikariDataSource       : HikariPool-1 - Starting...
2022-11-17 16:32:55.392  INFO 6181 --- [    Test worker] com.zaxxer.hikari.pool.PoolBase          : HikariPool-1 - Driver does not support get/set network timeout for connections. (feature not supported)
2022-11-17 16:32:55.397  INFO 6181 --- [    Test worker] com.zaxxer.hikari.HikariDataSource       : HikariPool-1 - Start completed.
2022-11-17 16:32:55.684  INFO 6181 --- [    Test worker] c.m.handyhelp.HandyhelpApplicationTests  : Started HandyhelpApplicationTests in 5.648 seconds (JVM running for 8.383)
]]></system-out>
  <system-err><![CDATA[]]></system-err>
</testsuite>
